0 info it worked if it ends with ok
1 verbose cli [ 'C:\\Program Files\\nodejs\\node.exe',
1 verbose cli   'C:\\Program Files\\nodejs\\node_modules\\npm\\bin\\npm-cli.js',
1 verbose cli   'run',
1 verbose cli   'serve' ]
2 info using npm@3.10.10
3 info using node@v6.11.2
4 verbose run-script [ 'preserve', 'serve', 'postserve' ]
5 info lifecycle random-quote@1.1.1~preserve: random-quote@1.1.1
6 silly lifecycle random-quote@1.1.1~preserve: no script for preserve, continuing
7 info lifecycle random-quote@1.1.1~serve: random-quote@1.1.1
8 verbose lifecycle random-quote@1.1.1~serve: unsafe-perm in lifecycle true
9 verbose lifecycle random-quote@1.1.1~serve: PATH: C:\Program Files\nodejs\node_modules\npm\bin\node-gyp-bin;C:\Users\gabri\Documents\Angular 4\random-quote-TS3\node_modules\.bin;C:\Program Files (x86)\Google\Chrome\Application;C:\ProgramData\Oracle\Java\javapath;C:\WINDOWS\system32;C:\WINDOWS;C:\WINDOWS\System32\Wbem;C:\WINDOWS\System32\WindowsPowerShell\v1.0\;C:\Program Files (x86)\ATI Technologies\ATI.ACE\Core-Static;C:\Program Files\Git\cmd;C:\Python27\;C:\Python27\Scripts;C:\Program Files\Java\jdk1.8.0_121\bin;RABBITMQ_SERVER%\sbin;C:\Users\gabri\Documents\tools;C:\Users\gabri\AppData\Local\Android\sdk\platform-tools;C:\Program Files\nodejs\;C:\Users\gabri\AppData\Local\Microsoft\WindowsApps;C:\Users\gabri\AppData\Local\atom\bin;C:\Users\gabri\AppData\Local\Microsoft\WindowsApps;C:\Users\gabri\AppData\Roaming\npm
10 verbose lifecycle random-quote@1.1.1~serve: CWD: C:\Users\gabri\Documents\Angular 4\random-quote-TS3
11 silly lifecycle random-quote@1.1.1~serve: Args: [ '/d /s /c', 'concurrently "tsc -w" lite-server' ]
12 verbose stack Error: kill ENOSYS
12 verbose stack     at exports._errnoException (util.js:1020:11)
12 verbose stack     at process.kill (internal/process.js:190:13)
12 verbose stack     at process.listener (C:\Program Files\nodejs\node_modules\npm\node_modules\npmlog\node_modules\gauge\node_modules\signal-exit\index.js:86:15)
12 verbose stack     at emitNone (events.js:91:20)
12 verbose stack     at process.emit (events.js:185:7)
12 verbose stack     at processEmit (C:\Program Files\nodejs\node_modules\npm\node_modules\npmlog\node_modules\gauge\node_modules\signal-exit\index.js:146:32)
12 verbose stack     at processEmit (C:\Program Files\nodejs\node_modules\npm\node_modules\npm-registry-client\node_modules\npmlog\node_modules\gauge\node_modules\signal-exit\index.js:146:32)
12 verbose stack     at Signal.wrap.onsignal (internal/process.js:217:44)
13 verbose cwd C:\Users\gabri\Documents\Angular 4\random-quote-TS3
14 error Windows_NT 10.0.15063
15 error argv "C:\\Program Files\\nodejs\\node.exe" "C:\\Program Files\\nodejs\\node_modules\\npm\\bin\\npm-cli.js" "run" "serve"
16 error node v6.11.2
17 error npm  v3.10.10
18 error code ENOSYS
19 error errno ENOSYS
20 error syscall kill
21 error kill ENOSYS
22 error If you need help, you may report this error at:
22 error     <https://github.com/npm/npm/issues>
23 verbose exit [ 1, true ]
